[
  {
    "label": "例1",
    "type": "example",
    "chapter_title": "19.2(五) 实数的运算",
    "question": "例① 计算：  $-\\sqrt{\\frac{4}{9}} \\div (\\sqrt[3]{8^2} - 0.1^{-1}) \\times [-3^2 - (-2)^3 + \\sqrt{(-2)^2}]$ .",
    "solution": "解 原式  $= -\\frac{2}{3} \\div (4 - 10) \\times (-9 + 8 + 2) = -\\frac{2}{3} \\times \\left(-\\frac{1}{6}\\right) \\times 1 = \\frac{1}{9}$ .",
    "images": [],
    "page_idx": 34,
    "has_answer": true,
    "questionIds": "619",
    "solutionIds": "620",
    "chapterTitleIds": "610",
    "chunkIndex": 6
  },
  {
    "label": "例2",
    "type": "example",
    "chapter_title": "19.2(五) 实数的运算",
    "question": "例② 计算： (1)  $\\sqrt{2.1^{2} + 2.8^{2}}$ ; (2)  $\\sqrt{2\\sqrt{3}\\left(\\sqrt{3} + \\frac{\\sqrt{3}}{2}\\right)}$ (3)  $-\\sqrt{30^2 - 24^2}$ ; (4)  $(3\\sqrt{2} - 1)(3\\sqrt{2} + 1)$ ; (5)  $\\sqrt{3 - 2\\sqrt{2}}$",
    "solution": "解 (1)  $\\sqrt{2.1^2 + 2.8^2} = \\sqrt{0.7^2 \\times (3^2 + 4^2)} = 3.5.$ (2)  $\\sqrt{2\\sqrt{3}\\left(\\sqrt{3} + \\frac{\\sqrt{3}}{2}\\right)} = \\sqrt{2 \\times 3 + 3} = \\sqrt{9} = 3.$ (3)  $-\\sqrt{30^2 - 24^2} = -\\sqrt{(30 + 24)(30 - 24)} = -\\sqrt{6 \\times 54} = -18.$ (4)  $(3\\sqrt{2} - 1)(3\\sqrt{2} + 1) = (3\\sqrt{2})^2 - 1^2 = 17.$ (5)  $\\sqrt{3 - 2\\sqrt{2}} = \\sqrt{1^2 - 2\\sqrt{2} + (\\sqrt{2})^2} = \\sqrt{(1 - \\sqrt{2})^2} = |1 - \\sqrt{2}| = \\sqrt{2} - 1.$",
    "images": [],
    "page_idx": 34,
    "has_answer": true,
    "questionIds": "622,623,624,625,626,627",
    "solutionIds": "629,630,631,632,633",
    "chapterTitleIds": "610",
    "chunkIndex": 6
  },
  {
    "label": "1",
    "type": "exercise",
    "chapter_title": "19.2(五) 实数的运算",
    "question": "1. 若  $\\sqrt{(1 + x)^2} = 6$  ，则  $x =$",
    "solution": "",
    "images": [],
    "page_idx": 34,
    "has_answer": false,
    "questionIds": "636",
    "solutionIds": "",
    "chapterTitleIds": "610",
    "chunkIndex": 6
  },
  {
    "label": "2",
    "type": "exercise",
    "chapter_title": "19.2(五) 实数的运算",
    "question": "2. 已知  $x^{2} = a^{2} + b^{2}$ , 若  $a = \\frac{1}{3}, b = -\\frac{1}{4}$ , 则  $x =$",
    "solution": "",
    "images": [],
    "page_idx": 34,
    "has_answer": false,
    "questionIds": "637",
    "solutionIds": "",
    "chapterTitleIds": "610",
    "chunkIndex": 6
  },
  {
    "label": "3",
    "type": "exercise",
    "chapter_title": "19.2(五) 实数的运算",
    "question": "3. 计算： $\\sqrt{6} - |\\sqrt{6} - 3| = \\_$",
    "solution": "",
    "images": [],
    "page_idx": 34,
    "has_answer": false,
    "questionIds": "638",
    "solutionIds": "",
    "chapterTitleIds": "610",
    "chunkIndex": 6
  },
  {
    "label": "4",
    "type": "exercise",
    "chapter_title": "19.2(五) 实数的运算",
    "question": "4. 当  $x =$  时， $-\\sqrt{x^2 + 7}$  取到最大值",
    "solution": "",
    "images": [],
    "page_idx": 35,
    "has_answer": false,
    "questionIds": "639",
    "solutionIds": "",
    "chapterTitleIds": "610",
    "chunkIndex": 6
  },
  {
    "label": "1",
    "type": "exercise",
    "chapter_title": "基础训练",
    "question": "1. 数轴上的点与一一对应",
    "solution": "",
    "images": [],
    "page_idx": 32,
    "has_answer": false,
    "questionIds": "580",
    "solutionIds": "",
    "chapterTitleIds": "579",
    "chunkIndex": 6
  },
  {
    "label": "2",
    "type": "exercise",
    "chapter_title": "基础训练",
    "question": "2. 化简：(1)  $|\\sqrt{3} - 3| = \\_$ ；(2)  $|\\pi - 3.1416| = \\_$ .",
    "solution": "",
    "images": [],
    "page_idx": 32,
    "has_answer": false,
    "questionIds": "581",
    "solutionIds": "",
    "chapterTitleIds": "579",
    "chunkIndex": 6
  },
  {
    "label": "3",
    "type": "exercise",
    "chapter_title": "基础训练",
    "question": "3.（1）绝对值最小的实数是 ；（2）绝对值小于  $\\sqrt{6}$  的整数是",
    "solution": "",
    "images": [],
    "page_idx": 32,
    "has_answer": false,
    "questionIds": "582",
    "solutionIds": "",
    "chapterTitleIds": "579",
    "chunkIndex": 6
  },
  {
    "label": "4",
    "type": "exercise",
    "chapter_title": "基础训练",
    "question": "4. 若  $|a| = \\sqrt{(-3)^2}$ , 则  $a =$",
    "solution": "",
    "images": [],
    "page_idx": 32,
    "has_answer": false,
    "questionIds": "583",
    "solutionIds": "",
    "chapterTitleIds": "579",
    "chunkIndex": 6
  },
  {
    "label": "5",
    "type": "exercise",
    "chapter_title": "基础训练",
    "question": "5. (1)  $2 + \\sqrt{3}$  的相反数是 ______；(2)  $\\sqrt{(-1 - \\sqrt{5})^2}$  的相反数是 ______.",
    "solution": "",
    "images": [],
    "page_idx": 32,
    "has_answer": false,
    "questionIds": "584",
    "solutionIds": "",
    "chapterTitleIds": "579",
    "chunkIndex": 6
  },
  {
    "label": "6",
    "type": "exercise",
    "chapter_title": "基础训练",
    "question": "6. 在数轴上, 如果  $A, B$  两点所对应的数分别为  $a, b$ , 则  $A, B$  两点之间的距离  $AB$  为",
    "solution": "",
    "images": [],
    "page_idx": 32,
    "has_answer": false,
    "questionIds": "585",
    "solutionIds": "",
    "chapterTitleIds": "579",
    "chunkIndex": 6
  },
  {
    "label": "7",
    "type": "exercise",
    "chapter_title": "基础训练",
    "question": "7. 比较下列各数的大小（填“>”“=”或“<”）： (1)  $-\\sqrt{15} - \\sqrt{17}$ ; (2)  $-\\sqrt{3} - 2.5;$ (3)  $\\sqrt{8^2}$ $\\sqrt{(-8)^2}$ ; (4)  $2 + \\sqrt{7}$ $\\sqrt{3} + 2\\sqrt{2}$ .",
    "solution": "",
    "images": [],
    "page_idx": 32,
    "has_answer": false,
    "questionIds": "586,587,588,589,590",
    "solutionIds": "",
    "chapterTitleIds": "579",
    "chunkIndex": 6
  },
  {
    "label": "8",
    "type": "exercise",
    "chapter_title": "基础训练",
    "question": "8. 下列语句正确的是（ ） A. 实数  $m$  的倒数是  $\\frac{1}{m}$ B. 负数  $a$  和它的相反数之差的绝对值是  $2a$ C. 任何实数的绝对值都是正数 D. 若实数  $a, b$  满足  $\\sqrt[3]{a} = \\sqrt[3]{b}$ , 则  $a = b$",
    "solution": "",
    "images": [],
    "page_idx": 32,
    "has_answer": false,
    "questionIds": "591,592,593,594,595",
    "solutionIds": "",
    "chapterTitleIds": "579",
    "chunkIndex": 6
  },
  {
    "label": "9",
    "type": "exercise",
    "chapter_title": "基础训练",
    "question": "9. 若  $a, b$  是实数，则下列各式中不一定是实数的是（ ）. A.  $a + b$ B.  $ab$ C.  $\\sqrt{a^{2} + b^{2}}$ D.  $\\sqrt{ab}$",
    "solution": "",
    "images": [],
    "page_idx": 32,
    "has_answer": false,
    "questionIds": "596,597,598,599,600",
    "solutionIds": "",
    "chapterTitleIds": "579",
    "chunkIndex": 6
  },
  {
    "label": "10",
    "type": "exercise",
    "chapter_title": "基础训练",
    "question": "10. 已知数轴上的四点  $A, B, C, D$  所对应的实数依次是  $\\sqrt{2}, \\sqrt{5}, 2\\sqrt{2}, -\\sqrt{2}$ . （1）在数轴上描出点  $A, B, C, D$ （2）求线段  $AB$  ，  $BC$  ，  $CD$  ，  $AC$  的长度",
    "solution": "",
    "images": [],
    "page_idx": 32,
    "has_answer": false,
    "questionIds": "601,602,603",
    "solutionIds": "",
    "chapterTitleIds": "579",
    "chunkIndex": 6
  },
  {
    "label": "11",
    "type": "exercise",
    "chapter_title": "基础训练",
    "question": "11. 若实数  $a, b, c$  满足  $a < 0, b > 0, c < 0$ , 且  $|c| > |b| > |a|$ , 比较  $a, b, c, |a + b|$ ,  $2a + c$  的大小, 并用“<”号连接起来.",
    "solution": "",
    "images": [],
    "page_idx": 33,
    "has_answer": false,
    "questionIds": "604",
    "solutionIds": "",
    "chapterTitleIds": "579",
    "chunkIndex": 6
  },
  {
    "label": "12",
    "type": "exercise",
    "chapter_title": "基础训练",
    "question": "12. 如图, 一只蚂蚁从点  $A$  沿数轴向右爬了 2 个单位长度到达点  $B$ , 点  $\\dot{A}$  表示  $-\\sqrt{2}$ , 设点  $B$  所表示的数为  $m$ . （1）求  $|m + 1| + |m - 1|$  的值； (2) 在数轴上还有  $C, D$  两点分别表示实数  $c$  和  $d$ , 且  $\\left|2c + d\\right|$  与  $\\sqrt{d + 4}$  互为相反数, 求  $2c - 3d$  的平方根. $$\n\\begin{array}{c c c c c c} & A _ {1} & B _ {1} & & & \\\\ - 2 & - 1 & 0 & 1 & 2 & 3 \\end{array}\n$$ （第12题）",
    "solution": "",
    "images": [],
    "page_idx": 33,
    "has_answer": false,
    "questionIds": "605,606,607,608,609",
    "solutionIds": "",
    "chapterTitleIds": "579",
    "chunkIndex": 6
  },
  {
    "label": "例2",
    "type": "example",
    "chapter_title": "例② 先阅读材料，再解答问题：",
    "question": "例② 先阅读材料，再解答问题： 点  $A, B$  在数轴上分别表示实数  $a, b$  (不妨设  $|b| > |a|$ ),  $A, B$  两点之间的距离表示为  $|AB|$ . 当  $A, B$  两点中有一点在原点时, 设点  $A$  在原点, 如图 19-4(1) 所示,  $|AB| = |OB| = |b| = |a - b|$ . 当  $A, B$  两点都不在原点时: ① 如图19-4(2)所示，点  $A, B$  都在原点的右边， $$\n\\mid A B \\mid = \\mid O B \\mid - \\mid O A \\mid = \\mid b \\mid - \\mid a \\mid = b - a = \\mid a - b \\mid ;\n$$ ② 如图19-4(3)所示，点  $A$  ，  $B$  都在原点的左边， $$\n\\mid A B \\mid = \\mid O B \\mid - \\mid O A \\mid = \\mid b \\mid - \\mid a \\mid = - b - (- a) = \\mid a - b \\mid ;\n$$ ③ 如图19-4(4)所示，点  $A, B$  在原点的两边，不妨设点  $B$  在原点左边， $$\n\\mid A B \\mid = \\mid O B \\mid + \\mid O A \\mid = \\mid b \\mid + \\mid a \\mid = - b + a = \\mid a - b \\mid .\n$$ 综上所述，数轴上  $A$  ，  $B$  两点之间的距离  $\\mid AB\\mid = \\mid a - b\\mid$ 根据材料回答下列问题： （1）数轴上表示2和5的两点之间的距离是 ，数轴上表示一2和一5的两点之间的距离是 ，数轴上表示2和一5的两点之间的距离是 ； (2) 数轴上表示  $x$  和 1 的  $A$  和  $B$  两点之间的距离是 , 若  $|AB| = 2$ , 那么  $x$  为 （3）当  $|x - 1| + |x - 2|$  取最小值时，相应的  $x$  的取值范围是 ______ ，此时取得的最小值为 ______ 。",
    "solution": "解 (1) 3 3 7. (2)  $|x - 1|$  3 或 -1. (3)  $1 \\leqslant x \\leqslant 2$  1. 说明 对于第(3)题，从代数角度考虑： 当  $x > 2$  时，原式  $= 2x - 3 > 1$ ；当  $1 \\leqslant x \\leqslant 2$  时，原式  $= x - 1 + 2 - x = 1$ ；当  $x < 1$  时，原式  $= 3 - 2x > 1$ . 从几何角度考虑： “ $|x - 1| + |x - 2|$ ”表示  $x$  到1和2的距离和，将数轴分成  $x > 2, 1 \\leqslant x \\leqslant 2, x < 1$  三部分，如 图19-5所示，显然当  $1 \\leqslant x \\leqslant 2$  时，“  $|x - 1| + |x - 2|$ ”取得最小值1.",
    "images": [
      "/home/home_dev/9.Mineru2Questions/server/uploads/tasks/202602111056-1770778567091/images/05a7ce59fa0633d2ce896dbda532ec6a5eb18d3c82399470c33867705b4ee307.jpg",
      "/home/home_dev/9.Mineru2Questions/server/uploads/tasks/202602111056-1770778567091/images/1cd2c65d0c4f52fa4c34dd4fb2b576b6531a9ed9e85491eb67f502c626d40224.jpg",
      "/home/home_dev/9.Mineru2Questions/server/uploads/tasks/202602111056-1770778567091/images/18e21f576b15ea2e39e84e8958af01255cdd454d77601068b09f87f6c9c43791.jpg",
      "/home/home_dev/9.Mineru2Questions/server/uploads/tasks/202602111056-1770778567091/images/2606173aecefbced5f712b7096fb071100140313688982fff9603c11a8e1dfe5.jpg",
      "/home/home_dev/9.Mineru2Questions/server/uploads/tasks/202602111056-1770778567091/images/e1c33d40c8a62c24ab9746efda452836c64aaf8c1225ba4e76bad7c2095c4012.jpg"
    ],
    "page_idx": 31,
    "has_answer": true,
    "questionIds": "555,556,557,558,559,560,561,562,563,564,565,566,567,568,569,570,571",
    "solutionIds": "572,573,574,575,576,577,578",
    "chapterTitleIds": "555",
    "chunkIndex": 6
  },
  {
    "label": "(2)",
    "type": "exercise",
    "chapter_title": "",
    "question": "(2)  $a$  和  $\\sqrt{a} (0 < a < 1)$ ;",
    "solution": "",
    "images": [],
    "page_idx": 30,
    "has_answer": false,
    "questionIds": "540",
    "solutionIds": "",
    "chapterTitleIds": "",
    "chunkIndex": 6
  },
  {
    "label": "(3)",
    "type": "exercise",
    "chapter_title": "",
    "question": "(3) 若  $b > 0, a < 0, c < 0$ ，且  $|c| > |b| > |a|$ ，比较  $a, b, c, a + b, a + c$  的大小.",
    "solution": "",
    "images": [],
    "page_idx": 30,
    "has_answer": false,
    "questionIds": "541",
    "solutionIds": "",
    "chapterTitleIds": "",
    "chunkIndex": 6
  }
]