[
  {
    "label": "例1",
    "type": "example",
    "chapter_title": "19.2 实数",
    "question": "例① 将  $0.2\\dot{3}\\dot{4}$  化成分数",
    "solution": "",
    "images": [],
    "page_idx": 21,
    "has_answer": false,
    "questionIds": "369",
    "solutionIds": "",
    "chapterTitleIds": "357",
    "chunkIndex": 3
  },
  {
    "label": "1",
    "type": "exercise",
    "chapter_title": "自基础训练",
    "question": "1. 如果一个数的立方等于  $a$ ，那么这个数叫作  $a$  的 _______，用符号表示为 _______，而  $-\\sqrt[3]{a}$  表示 _______.",
    "solution": "",
    "images": [],
    "page_idx": 16,
    "has_answer": false,
    "questionIds": "285",
    "solutionIds": "",
    "chapterTitleIds": "284",
    "chunkIndex": 3
  },
  {
    "label": "2",
    "type": "exercise",
    "chapter_title": "自基础训练",
    "question": "2.（1）一27的立方根是 ；（2）  $\\frac{1}{125}$  的立方根是 (3)  $\\left| - \\frac{1}{64} \\right|$  的立方根是",
    "solution": "",
    "images": [],
    "page_idx": 16,
    "has_answer": false,
    "questionIds": "286,287",
    "solutionIds": "",
    "chapterTitleIds": "284",
    "chunkIndex": 3
  },
  {
    "label": "3",
    "type": "exercise",
    "chapter_title": "自基础训练",
    "question": "3. 平方根等于本身的数是 ，立方根等于本身的数是",
    "solution": "",
    "images": [],
    "page_idx": 16,
    "has_answer": false,
    "questionIds": "288",
    "solutionIds": "",
    "chapterTitleIds": "284",
    "chunkIndex": 3
  },
  {
    "label": "4",
    "type": "exercise",
    "chapter_title": "自基础训练",
    "question": "4. 若  $\\sqrt[3]{-a} = -\\sqrt[3]{-a}$ , 则  $a =$",
    "solution": "",
    "images": [],
    "page_idx": 16,
    "has_answer": false,
    "questionIds": "289",
    "solutionIds": "",
    "chapterTitleIds": "284",
    "chunkIndex": 3
  },
  {
    "label": "5",
    "type": "exercise",
    "chapter_title": "自基础训练",
    "question": "5. 是  $\\frac{1}{4}$  的负的平方根，又是 的立方根",
    "solution": "",
    "images": [],
    "page_idx": 16,
    "has_answer": false,
    "questionIds": "290",
    "solutionIds": "",
    "chapterTitleIds": "284",
    "chunkIndex": 3
  },
  {
    "label": "6",
    "type": "exercise",
    "chapter_title": "自基础训练",
    "question": "6. 化简：(1)  $\\sqrt[3]{(5 - \\pi)^{3}} =$  ________；(2)  $\\sqrt[3]{(1 - x)^{3}} =$  ________.",
    "solution": "",
    "images": [],
    "page_idx": 16,
    "has_answer": false,
    "questionIds": "291",
    "solutionIds": "",
    "chapterTitleIds": "284",
    "chunkIndex": 3
  },
  {
    "label": "7",
    "type": "exercise",
    "chapter_title": "自基础训练",
    "question": "7. 若  $\\sqrt[3]{0.0468} \\approx 0.3604$ ，则  $(-36.04)^{3} \\approx$  ________.",
    "solution": "",
    "images": [],
    "page_idx": 16,
    "has_answer": false,
    "questionIds": "292",
    "solutionIds": "",
    "chapterTitleIds": "284",
    "chunkIndex": 3
  },
  {
    "label": "8",
    "type": "exercise",
    "chapter_title": "自基础训练",
    "question": "8. 下列说法正确的是（ ） A.  $-\\frac{1}{16}$  没有立方根 B.  $-\\frac{125}{512}$  的立方根是  $\\frac{5}{8}$  和  $-\\frac{5}{8}$ C. 729 的平方根的立方根是 3 D. 一4 是一64 的立方根",
    "solution": "",
    "images": [],
    "page_idx": 16,
    "has_answer": false,
    "questionIds": "293,294,295,296,297",
    "solutionIds": "",
    "chapterTitleIds": "284",
    "chunkIndex": 3
  },
  {
    "label": "9",
    "type": "exercise",
    "chapter_title": "自基础训练",
    "question": "9. 计算： (1)  $\\sqrt[3]{(-8)^2}$ ; (2)  $-\\sqrt[3]{216}$ ; (3)  $-\\sqrt[3]{-1\\frac{61}{64}}$ (4)  $\\sqrt[3]{-3 - \\frac{3}{8}}$ ; (5)  $\\sqrt[3]{a^3}$ ; (6)  $\\sqrt[3]{(-a)^6}$ .",
    "solution": "",
    "images": [],
    "page_idx": 17,
    "has_answer": false,
    "questionIds": "298,299,300,301,302,303,304",
    "solutionIds": "",
    "chapterTitleIds": "284",
    "chunkIndex": 3
  },
  {
    "label": "10",
    "type": "exercise",
    "chapter_title": "自基础训练",
    "question": "10. 求下列式子中  $x$  的值： (1)  $8x^{3} = 125$ (2)  $\\sqrt[3]{x} = -3$ ; (3)  $8x^{3} - 2 = \\frac{10}{27}$ ; (4)  $2(x - 2)^{3} = 16.$",
    "solution": "",
    "images": [],
    "page_idx": 17,
    "has_answer": false,
    "questionIds": "305,306,307,308,309",
    "solutionIds": "",
    "chapterTitleIds": "284",
    "chunkIndex": 3
  },
  {
    "label": "11",
    "type": "exercise",
    "chapter_title": "自基础训练",
    "question": "11. 已知一个正方体的棱长是  $4\\mathrm{cm}$ , 现制作一个正方体, 使它的体积是原正方体体积的2倍, 求所作正方体的棱长.",
    "solution": "",
    "images": [
      "/home/home_dev/9.Mineru2Questions/server/uploads/tasks/202602111056-1770778567091/images/14f22de5143a31f63cc4ccd5bccb34c788d042953e6b4f267e7d8798cb2b5b68.jpg"
    ],
    "page_idx": 17,
    "has_answer": false,
    "questionIds": "310,311",
    "solutionIds": "",
    "chapterTitleIds": "284",
    "chunkIndex": 3
  },
  {
    "label": "12",
    "type": "exercise",
    "chapter_title": "拓展训练",
    "question": "12. 已知  $a + 2$  的平方根是  $\\pm 2, 6a + b + 7$  的立方根是 3, 求  $a^2 + b$  的平方根.",
    "solution": "",
    "images": [],
    "page_idx": 18,
    "has_answer": false,
    "questionIds": "313",
    "solutionIds": "",
    "chapterTitleIds": "312",
    "chunkIndex": 3
  },
  {
    "label": "13",
    "type": "exercise",
    "chapter_title": "拓展训练",
    "question": "13. 已知  $a$  是  $\\sqrt[3]{80}$  的整数部分, 求  $a$  的平方根",
    "solution": "",
    "images": [],
    "page_idx": 18,
    "has_answer": false,
    "questionIds": "314",
    "solutionIds": "",
    "chapterTitleIds": "312",
    "chunkIndex": 3
  },
  {
    "label": "14",
    "type": "exercise",
    "chapter_title": "拓展训练",
    "question": "14. 已知  $\\sqrt[3]{3x + 8}$  和  $\\sqrt[3]{3y - 5}$  互为相反数, 求  $\\sqrt[3]{x + y}$  的值.",
    "solution": "",
    "images": [],
    "page_idx": 18,
    "has_answer": false,
    "questionIds": "315",
    "solutionIds": "",
    "chapterTitleIds": "312",
    "chunkIndex": 3
  },
  {
    "label": "15",
    "type": "exercise",
    "chapter_title": "拓展训练",
    "question": "15. 若  $a$  没有平方根, 试化简:  $|a| - \\sqrt[3]{a^3} + \\sqrt{a^2}$ .",
    "solution": "",
    "images": [],
    "page_idx": 18,
    "has_answer": false,
    "questionIds": "316",
    "solutionIds": "",
    "chapterTitleIds": "312",
    "chunkIndex": 3
  },
  {
    "label": "16",
    "type": "exercise",
    "chapter_title": "拓展训练",
    "question": "16. 已知甲、乙、丙三个数，甲  $= 5 + \\sqrt{15}$ ，乙  $= 3 + \\sqrt{17}$ ，丙  $= 1 + \\sqrt{19}$ ，则甲、乙、丙的大小关系是（ ）. A. 丙  $<$  乙  $<$  甲 B. 乙  $<$  甲  $<$  丙 C. 甲  $<$  乙  $<$  丙 D. 甲  $=$  乙  $=$  丙",
    "solution": "",
    "images": [],
    "page_idx": 18,
    "has_answer": false,
    "questionIds": "317,318,319,320,321",
    "solutionIds": "",
    "chapterTitleIds": "312",
    "chunkIndex": 3
  },
  {
    "label": "1",
    "type": "exercise",
    "chapter_title": "阶段训练 ①",
    "question": "1. (1)  $\\sqrt{256}$  的平方根是 ________；(2) ________ 的立方根是一3.",
    "solution": "",
    "images": [],
    "page_idx": 19,
    "has_answer": false,
    "questionIds": "323",
    "solutionIds": "",
    "chapterTitleIds": "322",
    "chunkIndex": 3
  },
  {
    "label": "2",
    "type": "exercise",
    "chapter_title": "阶段训练 ①",
    "question": "2.（1）  $30\\frac{1}{4}$  的平方根为 ；(2)  $0.64\\times (-10)^{2}$  的算术平方根为",
    "solution": "",
    "images": [],
    "page_idx": 19,
    "has_answer": false,
    "questionIds": "324",
    "solutionIds": "",
    "chapterTitleIds": "322",
    "chunkIndex": 3
  },
  {
    "label": "3",
    "type": "exercise",
    "chapter_title": "阶段训练 ①",
    "question": "3. 若  $\\sqrt{3} \\approx 1.732, \\sqrt{30} \\approx 5.477$ ，则  $\\sqrt{30000} \\approx$  ________.",
    "solution": "",
    "images": [],
    "page_idx": 19,
    "has_answer": false,
    "questionIds": "325",
    "solutionIds": "",
    "chapterTitleIds": "322",
    "chunkIndex": 3
  },
  {
    "label": "4",
    "type": "exercise",
    "chapter_title": "阶段训练 ①",
    "question": "4. 若  $-1331$  的立方根是  $-11$ , 则立方根是 0.11 的数是",
    "solution": "",
    "images": [],
    "page_idx": 19,
    "has_answer": false,
    "questionIds": "326",
    "solutionIds": "",
    "chapterTitleIds": "322",
    "chunkIndex": 3
  },
  {
    "label": "5",
    "type": "exercise",
    "chapter_title": "阶段训练 ①",
    "question": "5. 求下列各式中  $x$  的取值范围： (1)  $\\sqrt{-(x - 2)^2}$ (2)  $\\frac{\\sqrt{x - 1}}{\\sqrt{9 - 3x}}$",
    "solution": "",
    "images": [],
    "page_idx": 19,
    "has_answer": false,
    "questionIds": "327,328,329",
    "solutionIds": "",
    "chapterTitleIds": "322",
    "chunkIndex": 3
  },
  {
    "label": "6",
    "type": "exercise",
    "chapter_title": "阶段训练 ①",
    "question": "6. (1)  $7 - \\sqrt{7}$  的整数部分是 , 小数部分是 (2)  $9 - 2\\sqrt{5}$  的整数部分是 ,小数部分是",
    "solution": "",
    "images": [],
    "page_idx": 19,
    "has_answer": false,
    "questionIds": "330,331",
    "solutionIds": "",
    "chapterTitleIds": "322",
    "chunkIndex": 3
  },
  {
    "label": "7",
    "type": "exercise",
    "chapter_title": "阶段训练 ①",
    "question": "7. 一64的三次方根是",
    "solution": "",
    "images": [],
    "page_idx": 19,
    "has_answer": false,
    "questionIds": "332",
    "solutionIds": "",
    "chapterTitleIds": "322",
    "chunkIndex": 3
  },
  {
    "label": "8",
    "type": "exercise",
    "chapter_title": "阶段训练 ①",
    "question": "8. 使  $\\sqrt[3]{-a} = -\\sqrt[3]{a}$  成立的条件是",
    "solution": "",
    "images": [],
    "page_idx": 19,
    "has_answer": false,
    "questionIds": "333",
    "solutionIds": "",
    "chapterTitleIds": "322",
    "chunkIndex": 3
  },
  {
    "label": "9",
    "type": "exercise",
    "chapter_title": "阶段训练 ①",
    "question": "9. 如果  $a + b = 0, ab \\neq 0$ ，那么  $\\frac{\\sqrt{b^2}}{a} + \\frac{\\sqrt{a^2}}{b} = \\_$",
    "solution": "",
    "images": [],
    "page_idx": 19,
    "has_answer": false,
    "questionIds": "334",
    "solutionIds": "",
    "chapterTitleIds": "322",
    "chunkIndex": 3
  },
  {
    "label": "10",
    "type": "exercise",
    "chapter_title": "阶段训练 ①",
    "question": "10. 把  $\\sqrt{3}$  的小数部分记作  $a$ ，把  $\\sqrt{9}$  的正平方根记作  $b$ ，那么  $a^2 + 2b = \\_\\_\\_\\_\\_\\_\\_\\_\\_\\_\\_.$",
    "solution": "",
    "images": [],
    "page_idx": 19,
    "has_answer": false,
    "questionIds": "335",
    "solutionIds": "",
    "chapterTitleIds": "322",
    "chunkIndex": 3
  },
  {
    "label": "11",
    "type": "exercise",
    "chapter_title": "阶段训练 ①",
    "question": "11. 下列说法正确的是（ ）. A. 一个数的平方根总有两个 B. 一个数的立方根有两个 C. 1 的立方根是  $\\pm 1$ D. 1 的平方根是  $\\pm 1$",
    "solution": "",
    "images": [],
    "page_idx": 19,
    "has_answer": false,
    "questionIds": "336,337,338,339,340",
    "solutionIds": "",
    "chapterTitleIds": "322",
    "chunkIndex": 3
  },
  {
    "label": "12",
    "type": "exercise",
    "chapter_title": "阶段训练 ①",
    "question": "12. 下列式子表达不正确的是（ ） A.  $-\\sqrt{18}$  是 18 的平方根 B.  $-\\sqrt{144} = -12$ C.  $\\sqrt{49} = \\pm 7$ D.  $-4$  是  $-64$  的立方根",
    "solution": "",
    "images": [],
    "page_idx": 19,
    "has_answer": false,
    "questionIds": "341,342,343,344,345",
    "solutionIds": "",
    "chapterTitleIds": "322",
    "chunkIndex": 3
  },
  {
    "label": "13",
    "type": "exercise",
    "chapter_title": "阶段训练 ①",
    "question": "13. 计算： (1)  $-\\sqrt{3.61} \\times \\sqrt{0.04}$ ; (2)  $\\pm \\sqrt{2 - \\frac{23}{36}}$ ; (3)  $\\sqrt{0.0081} \\times \\sqrt[3]{-125}$ ; (4)  $\\sqrt{2.89} - \\sqrt[3]{0.512}$ .",
    "solution": "",
    "images": [],
    "page_idx": 19,
    "has_answer": false,
    "questionIds": "346,347,348,349,350",
    "solutionIds": "",
    "chapterTitleIds": "322",
    "chunkIndex": 3
  },
  {
    "label": "14",
    "type": "exercise",
    "chapter_title": "阶段训练 ①",
    "question": "14. 当  $x$  为何值时，下列各式有意义？ (1)  $\\sqrt{2 - 4x}$ ; (2)  $\\sqrt[3]{5x - 3}$ ; (3)  $\\frac{(x - 1)^0}{\\sqrt[3]{x}}$",
    "solution": "",
    "images": [],
    "page_idx": 20,
    "has_answer": false,
    "questionIds": "351,352,353,354",
    "solutionIds": "",
    "chapterTitleIds": "322",
    "chunkIndex": 3
  },
  {
    "label": "15",
    "type": "exercise",
    "chapter_title": "阶段训练 ①",
    "question": "15. 求值:  $\\sqrt{9 + a} - \\sqrt{16 - 3a} + \\sqrt{4a + 1} + \\sqrt{-a^2}$ .",
    "solution": "",
    "images": [],
    "page_idx": 20,
    "has_answer": false,
    "questionIds": "355",
    "solutionIds": "",
    "chapterTitleIds": "322",
    "chunkIndex": 3
  },
  {
    "label": "16",
    "type": "exercise",
    "chapter_title": "阶段训练 ①",
    "question": "16. 已知  $A = \\frac{\\sqrt{2x + 3y - 1} - \\sqrt{2 - 4x - 6y} + 2y}{\\sqrt{7x - 4y - 18} + \\sqrt{4y - 7x + 18} - x}$ , 求  $A$  的平方根.",
    "solution": "",
    "images": [],
    "page_idx": 20,
    "has_answer": false,
    "questionIds": "356",
    "solutionIds": "",
    "chapterTitleIds": "322",
    "chunkIndex": 3
  }
]