[
  {
    "label": "例1",
    "type": "example",
    "chapter_title": "19.1 平方根与立方根",
    "question": "例① 实数  $\\sqrt{16}$  的算术平方根是",
    "solution": "分析 一个正数的正的平方根叫作它的算术平方根，由此即可求出结果. 解  $\\sqrt{16} = 4, 4$  的算术平方根是2，所以实数  $\\sqrt{16}$  的算术平方根是2. 说明 此题主要考查了算术平方根的概念，但要注意此题容易错",
    "images": [],
    "page_idx": 9,
    "has_answer": true,
    "questionIds": "130",
    "solutionIds": "131,132,133",
    "chapterTitleIds": "121",
    "chunkIndex": 1
  },
  {
    "label": "例2",
    "type": "example",
    "chapter_title": "19.1 平方根与立方根",
    "question": "例② 若代数式  $\\sqrt{1 - 2x} +\\sqrt{2x + 3}$  有意义，则  $x$  的取值范围是",
    "solution": "分析 根据算术平方根有意义的条件可得不等式组，再解不等式组即可. 解 由题意，得  $\\left\\{ \\begin{array}{l}1 - 2x\\geqslant 0,\\\\ 2x + 3\\geqslant 0. \\end{array} \\right.$ 解得  $-\\frac{3}{2} \\leqslant x \\leqslant \\frac{1}{2}$ .",
    "images": [],
    "page_idx": 9,
    "has_answer": true,
    "questionIds": "134",
    "solutionIds": "135,136,137",
    "chapterTitleIds": "121",
    "chunkIndex": 1
  },
  {
    "label": "例3",
    "type": "example",
    "chapter_title": "19.1 平方根与立方根",
    "question": "例③ 已知  $x, y$  是实数，且  $\\sqrt{3x + 4} + y^2 - 6y + 9 = 0$ ，若  $axy - 3x = y$ ，求实数  $a$  的值.",
    "solution": "解 由已知，得  $\\sqrt{3x + 4} + (y - 3)^2 = 0.$ $$\n\\therefore 3 x + 4 = 0, y - 3 = 0.\n$$ $$\n\\therefore x = - \\frac {4}{3}, y = 3.\n$$ $$\n\\because a x y - 3 x = y,\n$$ $$\n\\therefore - \\frac {4}{3} \\times 3 a - 3 \\times \\left(- \\frac {4}{3}\\right) = 3.\n$$ $$\n\\therefore a = \\frac {1}{4}.\n$$",
    "images": [],
    "page_idx": 9,
    "has_answer": true,
    "questionIds": "138",
    "solutionIds": "139,140,141,142,143,144",
    "chapterTitleIds": "121",
    "chunkIndex": 1
  },
  {
    "label": "1",
    "type": "exercise",
    "chapter_title": "19.1 平方根与立方根",
    "question": "1.  $x$  取何值时，下列各式有意义？ (1)  $\\sqrt{3 - 6x}$ ; (2)  $\\frac{\\sqrt{x + 2}}{x - 5}$ .",
    "solution": "",
    "images": [],
    "page_idx": 10,
    "has_answer": false,
    "questionIds": "147,148,149",
    "solutionIds": "",
    "chapterTitleIds": "121",
    "chunkIndex": 1
  },
  {
    "label": "2",
    "type": "exercise",
    "chapter_title": "19.1 平方根与立方根",
    "question": "2. 求下列各数的算术平方根： (1) 81; (2) 169; (3) 2.89; (4) 0.0289; (5)  $\\frac{361}{196}$ .",
    "solution": "",
    "images": [],
    "page_idx": 10,
    "has_answer": false,
    "questionIds": "150,151,152,153,154,155",
    "solutionIds": "",
    "chapterTitleIds": "121",
    "chunkIndex": 1
  },
  {
    "label": "3",
    "type": "exercise",
    "chapter_title": "19.1 平方根与立方根",
    "question": "3. 化简： (1)  $\\sqrt{121}$ ; (2)  $\\sqrt{1.44}$ ; (3)  $\\sqrt{4^2}$ ; (4)  $(\\sqrt{15})^2$ (5)  $\\sqrt{0.000361}$ .",
    "solution": "",
    "images": [],
    "page_idx": 10,
    "has_answer": false,
    "questionIds": "156,157,158,159,160,161",
    "solutionIds": "",
    "chapterTitleIds": "121",
    "chunkIndex": 1
  },
  {
    "label": "4",
    "type": "exercise",
    "chapter_title": "19.1 平方根与立方根",
    "question": "4. 已知  $\\sqrt{4.84} = 2.2$ ，化简：(1)  $\\sqrt{4840000}$ ；(2)  $\\sqrt{0.0484}$ .",
    "solution": "",
    "images": [
      "/home/home_dev/9.Mineru2Questions/server/uploads/tasks/202602111056-1770778567091/images/411df3ff066a36595cfdf9d6a9dd02317a04bf432caadf03e533e2f5272da29a.jpg"
    ],
    "page_idx": 10,
    "has_answer": false,
    "questionIds": "162,163",
    "solutionIds": "",
    "chapterTitleIds": "121",
    "chunkIndex": 1
  },
  {
    "label": "5",
    "type": "exercise",
    "chapter_title": "19.1 平方根与立方根",
    "question": "5. 已知  $a, b$  是有理数，且  $(4 + \\sqrt{3})a + (2 - \\sqrt{3})b = 6 + 3\\sqrt{3}$ ，求  $a, b$  的值",
    "solution": "",
    "images": [],
    "page_idx": 10,
    "has_answer": false,
    "questionIds": "165",
    "solutionIds": "",
    "chapterTitleIds": "121",
    "chunkIndex": 1
  },
  {
    "label": "例1",
    "type": "example",
    "chapter_title": "19.1 平方根与立方根",
    "question": "例① 判断： （1）  $a^2$  的正平方根是  $\\pmb{a}$ （2）196的平方根是一14. (3)  $-a^{2}$  没有平方根. （4）平方根与原数相同的有0，1两数 (5)  $\\sqrt{16}$  的平方根是  $\\pm 4$ .",
    "solution": "解 (1) 错误.  $a$  可能是负数 （2）错误.196的平方根是士14 （3）错误.若  $a$  等于0，则  $-a^2$  等于0，0有平方根 （4）错误.1的平方根是  $\\pm 1$ （5）错误.  $\\sqrt{16} = 4, 4$  的平方根是  $\\pm 2$ . 说明 对于第(5)题，注意求的不是16的平方根，而是  $\\sqrt{16}$  的平方根，要先求出16的正平方根等于4，再求4的平方根.",
    "images": [],
    "page_idx": 11,
    "has_answer": true,
    "questionIds": "174,175,176,177,178,179",
    "solutionIds": "180,181,182,183,184,185",
    "chapterTitleIds": "121",
    "chunkIndex": 1
  },
  {
    "label": "例2",
    "type": "example",
    "chapter_title": "19.1 平方根与立方根",
    "question": "例② 已知某正数的平方根是  $1 - 2a$  和  $a + 3$ , 求  $a$  的平方根.",
    "solution": "解：某正数的平方根是  $1 - 2a$  和  $a + 3$ $$\n\\therefore (1 - 2 a) + (a + 3) = 0.\n$$ 解得  $a = 4$",
    "images": [],
    "page_idx": 11,
    "has_answer": true,
    "questionIds": "186",
    "solutionIds": "187,188,189",
    "chapterTitleIds": "121",
    "chunkIndex": 1
  }
]