[
  {
    "label": "例1",
    "type": "example",
    "chapter_title": "19.1(三) 立方根",
    "question": "例① 计算：(1)  $\\sqrt{2^2}$ ， $\\sqrt{(-2)^2}$ ， $\\sqrt{a^2}$ ；(2)  $\\sqrt[3]{2^3}$ ， $\\sqrt[3]{(-2)^3}$ ， $\\sqrt[3]{a^3}$ .",
    "solution": "解 (1)  $\\sqrt{2^2} = 2, \\sqrt{(-2)^2} = 2, \\sqrt{a^2} = |a| = \\begin{cases} a & (a > 0), \\\\ 0 & (a = 0), \\\\ -a & (a < 0). \\end{cases}$ (2)  $\\sqrt[3]{2^3} = 2, \\sqrt[3]{(-2)^3} = -2, \\sqrt[3]{a^3} = a$ .",
    "images": [],
    "page_idx": 15,
    "has_answer": true,
    "questionIds": "263",
    "solutionIds": "264,265",
    "chapterTitleIds": "251",
    "chunkIndex": 2
  },
  {
    "label": "例2",
    "type": "example",
    "chapter_title": "19.1(三) 立方根",
    "question": "例② 解下列各题： （1）求下列各式的值：  $-\\sqrt[3]{-\\frac{343}{8}},\\sqrt[3]{(-10)^6},\\sqrt[3]{-60\\times 18\\times 25};$ （2）求256的平方根的立方根； （3）求  $x^3 + 729 = 0$  中  $x$  的值； （4）如果  $\\sqrt[3]{200a}$  是一个整数，那么满足条件最大的负整数  $a$  是什么？",
    "solution": "分析 对于第(1)题，在开立方根前宜先判断运算结果的正负；对于第(2)题，由于256的平方根有两个，即  $\\pm 16$  ，因此立方根会有两个；在求解立方根的过程中如果有必要须先对原数分解素因数. (1)  $-\\sqrt[3]{-\\frac{343}{8}} = \\sqrt[3]{\\frac{343}{8}} = \\frac{7}{2}$ . $$\n\\begin{array}{l} \\sqrt [ 3 ]{(- 1 0) ^ {6}} = \\sqrt [ 3 ]{1 0 ^ {6}} = 1 0 0. \\\\ \\sqrt [ 3 ]{- 6 0 \\times 1 8 \\times 2 5} = - \\sqrt [ 3 ]{5 \\times 3 \\times 2 ^ {2} \\times 2 \\times 3 ^ {2} \\times 5 ^ {2}} = - \\sqrt [ 3 ]{2 ^ {3} \\times 3 ^ {3} \\times 5 ^ {3}} = - 3 0. \\\\ \\end{array}\n$$ （2）：256的平方根是  $\\pm 16$  ，∴256的平方根的立方根是  $\\pm 2\\sqrt[3]{2}$ (3)  $\\because x^3 + 729 = 0, \\therefore x^3 = -729$ .  $\\therefore x = -9$ . （4） $\\because 200a = 2^3 \\times 5^2 \\times a$ ， $\\therefore$  满足  $\\sqrt[3]{200a}$  是一个整数的  $a = -5 \\times k^3 (k$  为整数). 所以最大的负整数  $a$  是-5.",
    "images": [],
    "page_idx": 15,
    "has_answer": true,
    "questionIds": "266,267,268,269,270",
    "solutionIds": "271,272,273,274,275,276,277",
    "chapterTitleIds": "251",
    "chunkIndex": 2
  },
  {
    "label": "例3",
    "type": "example",
    "chapter_title": "19.1(三) 立方根",
    "question": "例③ 已知  $\\sqrt[3]{0.23} \\approx 0.6127, \\sqrt[3]{2.3} \\approx 1.320, \\sqrt[3]{23} \\approx 2.844$ . 求  $\\sqrt[3]{230},\\sqrt[3]{-23000},\\sqrt[3]{0.0023}$  的近似值",
    "solution": "",
    "images": [],
    "page_idx": 16,
    "has_answer": false,
    "questionIds": "278,279",
    "solutionIds": "",
    "chapterTitleIds": "251",
    "chunkIndex": 2
  },
  {
    "label": "1",
    "type": "exercise",
    "chapter_title": "基础训练",
    "question": "1. 如果一个数的平方等于  $a$ ，那么这个数叫作 _______.",
    "solution": "",
    "images": [],
    "page_idx": 12,
    "has_answer": false,
    "questionIds": "210",
    "solutionIds": "",
    "chapterTitleIds": "209",
    "chunkIndex": 2
  },
  {
    "label": "2",
    "type": "exercise",
    "chapter_title": "基础训练",
    "question": "2.  $\\frac{4}{9}$  的平方是 ，  $\\frac{4}{9}$  的平方根是",
    "solution": "",
    "images": [],
    "page_idx": 12,
    "has_answer": false,
    "questionIds": "211",
    "solutionIds": "",
    "chapterTitleIds": "209",
    "chunkIndex": 2
  },
  {
    "label": "3",
    "type": "exercise",
    "chapter_title": "基础训练",
    "question": "3.  $a$  是正数  $x$  的一个平方根，则 也是正数  $x$  的平方根",
    "solution": "",
    "images": [],
    "page_idx": 12,
    "has_answer": false,
    "questionIds": "212",
    "solutionIds": "",
    "chapterTitleIds": "209",
    "chunkIndex": 2
  },
  {
    "label": "4",
    "type": "exercise",
    "chapter_title": "基础训练",
    "question": "4. 的平方根等于它本身",
    "solution": "",
    "images": [],
    "page_idx": 12,
    "has_answer": false,
    "questionIds": "213",
    "solutionIds": "",
    "chapterTitleIds": "209",
    "chunkIndex": 2
  },
  {
    "label": "5",
    "type": "exercise",
    "chapter_title": "基础训练",
    "question": "5. 若  $x - \\frac{1}{2}$  没有平方根, 则  $x$  的取值范围是",
    "solution": "",
    "images": [],
    "page_idx": 12,
    "has_answer": false,
    "questionIds": "214",
    "solutionIds": "",
    "chapterTitleIds": "209",
    "chunkIndex": 2
  },
  {
    "label": "6",
    "type": "exercise",
    "chapter_title": "基础训练",
    "question": "6.  $a$  的相反数的平方根记作 ，它有意义的条件是",
    "solution": "",
    "images": [],
    "page_idx": 12,
    "has_answer": false,
    "questionIds": "215",
    "solutionIds": "",
    "chapterTitleIds": "209",
    "chunkIndex": 2
  },
  {
    "label": "7",
    "type": "exercise",
    "chapter_title": "基础训练",
    "question": "7. (1) 当  $x \\geqslant 5$  时,  $\\sqrt{(5 - x)^2} = \\_$ ; (2) 当  $x < -4$  时,  $\\sqrt{(x + 4)^2} = \\_$ .",
    "solution": "",
    "images": [],
    "page_idx": 12,
    "has_answer": false,
    "questionIds": "216",
    "solutionIds": "",
    "chapterTitleIds": "209",
    "chunkIndex": 2
  },
  {
    "label": "8",
    "type": "exercise",
    "chapter_title": "基础训练",
    "question": "8. 若  $\\sqrt{(2a - 3)^2} = 3 - 2a$ ，则  $a$  的取值范围是",
    "solution": "",
    "images": [],
    "page_idx": 12,
    "has_answer": false,
    "questionIds": "217",
    "solutionIds": "",
    "chapterTitleIds": "209",
    "chunkIndex": 2
  },
  {
    "label": "9",
    "type": "exercise",
    "chapter_title": "基础训练",
    "question": "9. 下列语句正确的是（ ） A.  $\\sqrt{\\frac{1}{4}}$  的平方根是  $\\frac{1}{2}$ B.  $\\sqrt{\\frac{1}{16}}$  的平方根是土  $\\frac{1}{2}$ C.  $\\frac{1}{16}$  的平方根是  $\\frac{1}{4}$ D.  $\\frac{1}{4}$  的平方是  $\\pm \\frac{1}{2}$",
    "solution": "",
    "images": [],
    "page_idx": 12,
    "has_answer": false,
    "questionIds": "218,219,220,221,222",
    "solutionIds": "",
    "chapterTitleIds": "209",
    "chunkIndex": 2
  },
  {
    "label": "10",
    "type": "exercise",
    "chapter_title": "基础训练",
    "question": "10. 下列式子正确的有（ ）. ①  $\\sqrt{36} = \\pm 6$ ; ②  $-\\sqrt{36} = -6$ ③  $\\sqrt{-6^2} = 6$ ; ④  $\\sqrt{(-2)^2} = 2$ ⑤  $\\sqrt{(-6)^2} = (\\sqrt{-6})^2$ A. 1 个 B. 2 个 C. 3 个 D. 4 个",
    "solution": "",
    "images": [],
    "page_idx": 12,
    "has_answer": false,
    "questionIds": "223,224,225,226,227,228,229,230,231,232",
    "solutionIds": "",
    "chapterTitleIds": "209",
    "chunkIndex": 2
  },
  {
    "label": "11",
    "type": "exercise",
    "chapter_title": "基础训练",
    "question": "11. 求下列各式的值： (1)  $\\sqrt{169} =$ (2)  $-\\sqrt{2\\frac{7}{9}} =$ (3)  $\\pm \\sqrt{0.0361} = \\_$ (4)  $\\sqrt{\\left(-\\frac{3}{4}\\right)^2} = \\_$ (5)  $-\\sqrt{\\left(-1 + \\frac{1}{2}\\right)^{2}} = \\_$ (6)  $-\\sqrt{(\\pi - 4)^2} = \\underline{\\quad}$",
    "solution": "",
    "images": [],
    "page_idx": 13,
    "has_answer": false,
    "questionIds": "233,234,235,236,237,238,239",
    "solutionIds": "",
    "chapterTitleIds": "209",
    "chunkIndex": 2
  },
  {
    "label": "12",
    "type": "exercise",
    "chapter_title": "基础训练",
    "question": "12. 求下列式子中  $x$  的值： (1)  $0.04x^{2} = 9$ (2)  $\\frac{1}{2} x^2 + \\frac{1}{6} = \\frac{2}{9}$ ; (3)  $\\sqrt{\\frac{4}{9}} x^2 - \\sqrt{1\\frac{7}{9}} = \\sqrt{64}$ ; (4)  $\\left(x - \\frac{2}{5}\\right)^2 = \\frac{1}{4}.$",
    "solution": "",
    "images": [],
    "page_idx": 13,
    "has_answer": false,
    "questionIds": "240,241,242,243,244",
    "solutionIds": "",
    "chapterTitleIds": "209",
    "chunkIndex": 2
  },
  {
    "label": "13",
    "type": "exercise",
    "chapter_title": "基础训练",
    "question": "13. 已知  $\\sqrt{x - 4} + \\sqrt{y + 3} = 0$ ，求  $2x - y$  的值",
    "solution": "",
    "images": [],
    "page_idx": 13,
    "has_answer": false,
    "questionIds": "245",
    "solutionIds": "",
    "chapterTitleIds": "209",
    "chunkIndex": 2
  },
  {
    "label": "14",
    "type": "exercise",
    "chapter_title": "拓展训练",
    "question": "14. 若  $2a + 3$  和  $a + 6$  是一个正数的两个平方根, 则这个正数是多少?",
    "solution": "",
    "images": [],
    "page_idx": 14,
    "has_answer": false,
    "questionIds": "247",
    "solutionIds": "",
    "chapterTitleIds": "246",
    "chunkIndex": 2
  },
  {
    "label": "15",
    "type": "exercise",
    "chapter_title": "拓展训练",
    "question": "15. 已知  $|2029 - a| + \\sqrt{a - 2030} = a$ ，求  $a - 2029^2$  的值",
    "solution": "",
    "images": [],
    "page_idx": 14,
    "has_answer": false,
    "questionIds": "248",
    "solutionIds": "",
    "chapterTitleIds": "246",
    "chunkIndex": 2
  },
  {
    "label": "16",
    "type": "exercise",
    "chapter_title": "拓展训练",
    "question": "16. 已知  $|a - b - 1| + \\sqrt{(3a - 2b - 1)^2} = 0$ ，求  $a + 4b^2$  的平方根",
    "solution": "",
    "images": [],
    "page_idx": 14,
    "has_answer": false,
    "questionIds": "249",
    "solutionIds": "",
    "chapterTitleIds": "246",
    "chunkIndex": 2
  },
  {
    "label": "17",
    "type": "exercise",
    "chapter_title": "拓展训练",
    "question": "17. 求使得  $\\sqrt{175m}$  是一个自然数的最小正整数  $m$ .",
    "solution": "",
    "images": [],
    "page_idx": 14,
    "has_answer": false,
    "questionIds": "250",
    "solutionIds": "",
    "chapterTitleIds": "246",
    "chunkIndex": 2
  }
]