[
  {
    "label": "5",
    "type": "exercise",
    "chapter_title": "19.2(三) 实数与数轴",
    "question": "5. 下列语句正确的是（ ） A. 无理数都是无限小数 B. 无限小数都是无理数 C. 带根号的数都是无理数 D. 不带根号的数一定不是无理数",
    "solution": "",
    "images": [],
    "page_idx": 25,
    "has_answer": false,
    "questionIds": "450,451,452,453,454",
    "solutionIds": "",
    "chapterTitleIds": "477",
    "chunkIndex": 5
  },
  {
    "label": "6",
    "type": "exercise",
    "chapter_title": "19.2(三) 实数与数轴",
    "question": "6. 下列语句正确的是（ ） A. 无理数之间不可以比较大小 B. 有理数与无理数无法比较大小 C. 无理数一定是无限不循环小数 D. 一个正无理数的算术平方根可能是有理数",
    "solution": "",
    "images": [],
    "page_idx": 25,
    "has_answer": false,
    "questionIds": "455,456,457,458,459",
    "solutionIds": "",
    "chapterTitleIds": "477",
    "chunkIndex": 5
  },
  {
    "label": "7",
    "type": "exercise",
    "chapter_title": "19.2(三) 实数与数轴",
    "question": "7. 下列说法错误的有（ ）. ①  $\\frac{\\pi}{3}$  是分数； ②  $\\pi$  是无限小数； ③  $\\frac{\\sqrt{2}}{2}$  是分数； ④  $a^0 = 1$  ； ⑤ 0 是有理数. A. 1 个 B. 2 个 C. 3 个 D. 4 个",
    "solution": "",
    "images": [],
    "page_idx": 25,
    "has_answer": false,
    "questionIds": "460,461,462,463,464,465",
    "solutionIds": "",
    "chapterTitleIds": "477",
    "chunkIndex": 5
  },
  {
    "label": "8",
    "type": "exercise",
    "chapter_title": "19.2(三) 实数与数轴",
    "question": "8. 下列说法错误的有（ ） ① 一个无理数不是正数就是负数； ② 0 是最小的有理数，没有最大的无理数； ③ 无理数都是开方开不尽的数； A. 1 个 B. 2 个 C. 3 个 D. 4 个",
    "solution": "",
    "images": [],
    "page_idx": 25,
    "has_answer": false,
    "questionIds": "466,467,468,469,470,471,472",
    "solutionIds": "",
    "chapterTitleIds": "477",
    "chunkIndex": 5
  },
  {
    "label": "9",
    "type": "exercise",
    "chapter_title": "19.2(三) 实数与数轴",
    "question": "9. 请判断  $3\\sqrt{5}$  在哪两个整数之间，并说明理由。",
    "solution": "",
    "images": [],
    "page_idx": 25,
    "has_answer": false,
    "questionIds": "473",
    "solutionIds": "",
    "chapterTitleIds": "477",
    "chunkIndex": 5
  },
  {
    "label": "10",
    "type": "exercise",
    "chapter_title": "19.2(三) 实数与数轴",
    "question": "10. 求证:  $\\sqrt{13}$  是无理数",
    "solution": "",
    "images": [],
    "page_idx": 26,
    "has_answer": false,
    "questionIds": "475",
    "solutionIds": "",
    "chapterTitleIds": "477",
    "chunkIndex": 5
  },
  {
    "label": "11",
    "type": "exercise",
    "chapter_title": "19.2(三) 实数与数轴",
    "question": "11. 计算:  $(- \\sqrt{7})^2 - (\\sqrt{13})^4 + \\frac{10}{\\sqrt[3]{0.001}}.$",
    "solution": "",
    "images": [],
    "page_idx": 26,
    "has_answer": false,
    "questionIds": "476",
    "solutionIds": "",
    "chapterTitleIds": "477",
    "chunkIndex": 5
  },
  {
    "label": "例1",
    "type": "example",
    "chapter_title": "19.2(三) 实数与数轴",
    "question": "例① 已知下列各数： $$\n\\sqrt {3 6}, - 3, 0. \\dot {7}, 3. 1 4 1 5, 0. \\dot {1} \\dot {4} \\dot {9}, - \\frac {5}{1 2},\n$$ 0.2020020002…（两个2之间依次多1个0）， $\\left|1 - \\sqrt{3}\\right|, - \\sqrt{28},\\frac{31}{11},\\frac{\\pi}{4},0.$ （1）属于无理数的是： （2）属于非负实数的是：",
    "solution": "解（1）属于无理数的是：0.2020020002…， $\\left|1 - \\sqrt{3}\\right|$ ， $-\\sqrt{28}$ ， $\\frac{\\pi}{4}$ 。 (2) 属于非负实数的是:  $\\sqrt{36}, 0.7, 3.1415, 0.149, 0.2020020002 \\cdots, |1 - \\sqrt{3}|$ ,  $\\frac{31}{11}$ ,  $\\frac{\\pi}{4}$ , 0. 说明 判断一个数是有理数还是无理数，一般从观察数的形式入手，而有些数常常形似而实非。如  $\\sqrt{36}$  形似无理数，而实是有理数； $\\frac{\\pi}{4}$  形似分数，而实是无理数。",
    "images": [],
    "page_idx": 27,
    "has_answer": true,
    "questionIds": "485,486,487,488,489",
    "solutionIds": "490,491,492",
    "chapterTitleIds": "477",
    "chunkIndex": 5
  },
  {
    "label": "例2",
    "type": "example",
    "chapter_title": "19.2(三) 实数与数轴",
    "question": "例② 若将三个数  $\\sqrt{3}, \\sqrt{7}, \\sqrt{11}$  表示在如图 19-1 所示的数轴上，其中能被墨迹覆盖的数是",
    "solution": "解 因为  $-2 < -\\sqrt{3} < -1, 2 < \\sqrt{7} < 3, 3 < \\sqrt{11} < 4$ ，所以能被墨迹覆盖的数是 $\\sqrt{7}$",
    "images": [
      "/home/home_dev/9.Mineru2Questions/server/uploads/tasks/202602111056-1770778567091/images/46aaf03bfb4540372cf31e0cf5cf372d78ca2204a4db442f4a5bc7a071a0bd18.jpg"
    ],
    "page_idx": 27,
    "has_answer": true,
    "questionIds": "493,494",
    "solutionIds": "495,496",
    "chapterTitleIds": "477",
    "chunkIndex": 5
  },
  {
    "label": "例3",
    "type": "example",
    "chapter_title": "19.2(三) 实数与数轴",
    "question": "例③ 实数  $a, b$  在数轴上的对应点的位置如图19-2所示，下列结论正确的是（ ）. A.  $b > -1$ B.  $-b > 2$ C.  $a + b > 0$ D.  $ab > 0$",
    "solution": "解 由数轴可知  $-2 < b < -1$ ，故选项A不符合题意. 由数轴可知  $-2 < b < -1$ ，所以  $1 < -b < 2$ ，故选项B不符合题意。 由数轴可知  $2 < a < 3$  ，而  $-2 < b < -1$  ，所以  $a + b > 0$  ，故选项C符合题意. 由数轴可知  $2 < a < 3$  ，而  $-2 < b < -1$  ，所以  $ab < 0$  ，故选项D不符合题意. 故选 C.",
    "images": [
      "/home/home_dev/9.Mineru2Questions/server/uploads/tasks/202602111056-1770778567091/images/bd705462240ccf61c78d7f62204a1b73d0ad7f66513ac4b6cd0897bb55668ab7.jpg"
    ],
    "page_idx": 28,
    "has_answer": true,
    "questionIds": "497,498,499,500,501,502",
    "solutionIds": "503,504,505,506,507",
    "chapterTitleIds": "477",
    "chunkIndex": 5
  },
  {
    "label": "1",
    "type": "exercise",
    "chapter_title": "19.2(三) 实数与数轴",
    "question": "1.  $\\sqrt{9}$  的平方根是",
    "solution": "",
    "images": [],
    "page_idx": 28,
    "has_answer": false,
    "questionIds": "510",
    "solutionIds": "",
    "chapterTitleIds": "477",
    "chunkIndex": 5
  },
  {
    "label": "2",
    "type": "exercise",
    "chapter_title": "19.2(三) 实数与数轴",
    "question": "2. 如果一个数的立方根是一3，那么这个数是",
    "solution": "",
    "images": [],
    "page_idx": 28,
    "has_answer": false,
    "questionIds": "511",
    "solutionIds": "",
    "chapterTitleIds": "477",
    "chunkIndex": 5
  },
  {
    "label": "3",
    "type": "exercise",
    "chapter_title": "19.2(三) 实数与数轴",
    "question": "3. 计算：(1)  $\\sqrt[3]{(-8)^2} = \\_$ ；(2)  $-\\sqrt[3]{343} = \\_$ (3)  $\\sqrt{3.7^2 - 1.2^2} = \\_$",
    "solution": "",
    "images": [],
    "page_idx": 28,
    "has_answer": false,
    "questionIds": "512,513",
    "solutionIds": "",
    "chapterTitleIds": "477",
    "chunkIndex": 5
  },
  {
    "label": "4",
    "type": "exercise",
    "chapter_title": "19.2(三) 实数与数轴",
    "question": "4.  $n$  是正整数，计算：  $-\\left[-(-1)^{2n}\\right]^{2n + 1} = \\underline{\\quad}$",
    "solution": "",
    "images": [],
    "page_idx": 28,
    "has_answer": false,
    "questionIds": "514",
    "solutionIds": "",
    "chapterTitleIds": "477",
    "chunkIndex": 5
  },
  {
    "label": "5",
    "type": "exercise",
    "chapter_title": "19.2(三) 实数与数轴",
    "question": "5. 比较大小：(1)  $\\left| -\\sqrt{3} \\right|$  ________ 2；(2)  $3\\sqrt{13}$  ________ 11. (填“<”“>”或“=”）",
    "solution": "",
    "images": [],
    "page_idx": 28,
    "has_answer": false,
    "questionIds": "515",
    "solutionIds": "",
    "chapterTitleIds": "477",
    "chunkIndex": 5
  },
  {
    "label": "6",
    "type": "exercise",
    "chapter_title": "19.2(三) 实数与数轴",
    "question": "6. 如果  $x^{2} = 64$ ，那么  $\\sqrt[3]{x} =$  ________.",
    "solution": "",
    "images": [],
    "page_idx": 28,
    "has_answer": false,
    "questionIds": "516",
    "solutionIds": "",
    "chapterTitleIds": "477",
    "chunkIndex": 5
  },
  {
    "label": "7",
    "type": "exercise",
    "chapter_title": "19.2(三) 实数与数轴",
    "question": "7.（1）等式  $\\sqrt{a^2} = a$  成立的条件是 （2）等式  $\\sqrt{a^2} = -a$  成立的条件是",
    "solution": "",
    "images": [],
    "page_idx": 28,
    "has_answer": false,
    "questionIds": "517,518",
    "solutionIds": "",
    "chapterTitleIds": "477",
    "chunkIndex": 5
  },
  {
    "label": "8",
    "type": "exercise",
    "chapter_title": "19.2(三) 实数与数轴",
    "question": "8. 已知下列各数： ①  $(- \\sqrt{2})^0, ② \\sqrt[3]{8}, ③ 0, ④ \\sqrt{9}, ⑤ 0.010010001 \\cdots$  （两个1之间依次多1个0），⑥  $\\frac{\\pi}{2}$ ，⑦  $-0.3, ⑧ |1 - \\sqrt{3}|$ ，⑨ 3.1415，⑩ 2.01. 属于无理数的是： ；（填序号） 属于非负有理数的是： .（填序号）",
    "solution": "",
    "images": [],
    "page_idx": 28,
    "has_answer": false,
    "questionIds": "519,520,521,522",
    "solutionIds": "",
    "chapterTitleIds": "477",
    "chunkIndex": 5
  },
  {
    "label": "9",
    "type": "exercise",
    "chapter_title": "19.2(三) 实数与数轴",
    "question": "9. 已知数轴上的四点  $A, B, C, D$  所对应的实数依次是  $\\sqrt{2}, -\\frac{2}{3}, 2\\frac{1}{2}, -\\sqrt{5}, O$  为原点. （1）求线段  $OA$  ，  $OB$  ，  $OC$  ，  $OD$  的长度； (2) 求线段  $BD, BC, AC$  的长度.",
    "solution": "",
    "images": [],
    "page_idx": 29,
    "has_answer": false,
    "questionIds": "523,524,525",
    "solutionIds": "",
    "chapterTitleIds": "477",
    "chunkIndex": 5
  },
  {
    "label": "10",
    "type": "exercise",
    "chapter_title": "19.2(三) 实数与数轴",
    "question": "10. 已知  $2m - 5$  的相反数是  $-9, 3n + 1$  的立方根是  $-2$ . （1）求  $m, n$  的值； （2）求  $m - 3n$  的平方根",
    "solution": "",
    "images": [],
    "page_idx": 29,
    "has_answer": false,
    "questionIds": "526,527,528",
    "solutionIds": "",
    "chapterTitleIds": "477",
    "chunkIndex": 5
  },
  {
    "label": "例1",
    "type": "example",
    "chapter_title": "19.2(三) 实数与数轴",
    "question": "例① 比较下列各组数的大小： （1）  $4\\sqrt{5}$  和  $5\\sqrt{3}$ (2)  $a$  和  $\\sqrt{a} (0 < a < 1)$ ; (3) 若  $b > 0, a < 0, c < 0$ ，且  $|c| > |b| > |a|$ ，比较  $a, b, c, a + b, a + c$  的大小.",
    "solution": "解 (1)  $\\because 4\\sqrt{5} = \\sqrt{16 \\times 5} = \\sqrt{80}, 5\\sqrt{3} = \\sqrt{25 \\times 3} = \\sqrt{75}$ , 又  $\\because \\sqrt{80} > \\sqrt{75}$ $$\n\\therefore 4 \\sqrt {5} > 5 \\sqrt {3}.\n$$ (2)  $\\because a - \\sqrt{a} = \\sqrt{a} (\\sqrt{a} - 1)$ , 又  $\\because 0 < a < 1$ $$\n\\therefore 0 <   \\sqrt {a} <   1.\n$$ $$\n\\therefore \\sqrt {a} - 1 <   0.\n$$ $\\therefore a - \\sqrt{a} = \\sqrt{a} (\\sqrt{a} -1) <   0$  ，即  $a <   \\sqrt{a}$",
    "images": [],
    "page_idx": 30,
    "has_answer": true,
    "questionIds": "538,539,540,541",
    "solutionIds": "542,543,544,545,546,547,548,549",
    "chapterTitleIds": "477",
    "chunkIndex": 5
  }
]