[
  {
    "label": "例1",
    "type": "example",
    "chapter_title": "19.2（二） 无理数",
    "question": "例① 求证：  $\\sqrt{7}$  是一个无理数",
    "solution": "证明 假设  $\\sqrt{7}$  是一个有理数, 则  $\\sqrt{7} = \\frac{a}{b}$  ( $a, b$  是互素的两个正整数). 两边平方，得  $7 = \\frac{a^2}{b^2}$ 于是  $a^2 = 7b^2$  ，则  $a^2$  是7的倍数，所以  $\\pmb{a}$  也是7的倍数 设  $a = 7m$  (  $m$  是正整数)，就有  $(7m)^{2} = 7b^{2}$ 于是  $b^{2} = 7m^{2}$  ，则  $b^{2}$  是7的倍数，所以  $\\pmb{b}$  也是7的倍数 可见  $a, b$  不是互素的，与前面假设的  $a, b$  互素相矛盾。 所以  $\\sqrt{7}$  不是一个有理数 因此  $\\sqrt{7}$  是一个无理数",
    "images": [],
    "page_idx": 24,
    "has_answer": true,
    "questionIds": "417",
    "solutionIds": "418,419,420,421,422,423,424,425",
    "chapterTitleIds": "409",
    "chunkIndex": 4
  },
  {
    "label": "例2",
    "type": "example",
    "chapter_title": "19.2（二） 无理数",
    "question": "例② 判断： （1）无理数一定是带根号的数； （2）一个数的平方根不是正数，就是负数； （3）因为  $\\frac{22}{7}$  的值接近  $\\pi$  ，所以  $\\frac{22}{7}$  是无理数； （4）无限小数都是无理数",
    "solution": "解 (1) 错误. 如:  $\\pi$  等数. （2）错误.0的平方根0 (3) 错误.  $\\frac{22}{7}$  是分数, 所以是有理数. （4）错误.无限循环小数是有理数，不是无理数",
    "images": [],
    "page_idx": 24,
    "has_answer": true,
    "questionIds": "426,427,428,429,430",
    "solutionIds": "431,432,433,434",
    "chapterTitleIds": "409",
    "chunkIndex": 4
  },
  {
    "label": "例3",
    "type": "example",
    "chapter_title": "19.2（二） 无理数",
    "question": "例③ 判断： （1）因为  $\\sqrt{2}$  在1与2之间，所以1与2之间只有一个无理数； （2）任何两个有理数之间都有无数个无理数； （3）无理数都是无限小数； （4）两个无理数可以比较大小",
    "solution": "解 (1) 错误. 如  $\\sqrt{\\frac{3}{2}}$  也在 1 与 2 之间, 也是无理数. （2）正确. （3）正确. （4）正确.",
    "images": [],
    "page_idx": 24,
    "has_answer": true,
    "questionIds": "435,436,437,438,439",
    "solutionIds": "440,441,442,443",
    "chapterTitleIds": "409",
    "chunkIndex": 4
  },
  {
    "label": "1",
    "type": "exercise",
    "chapter_title": "基础训练",
    "question": "1. 叫作无理数",
    "solution": "",
    "images": [],
    "page_idx": 25,
    "has_answer": false,
    "questionIds": "446",
    "solutionIds": "",
    "chapterTitleIds": "445",
    "chunkIndex": 4
  },
  {
    "label": "2",
    "type": "exercise",
    "chapter_title": "基础训练",
    "question": "2. 请写出在4和5之间的一个无理数",
    "solution": "",
    "images": [],
    "page_idx": 25,
    "has_answer": false,
    "questionIds": "447",
    "solutionIds": "",
    "chapterTitleIds": "445",
    "chunkIndex": 4
  },
  {
    "label": "3",
    "type": "exercise",
    "chapter_title": "基础训练",
    "question": "3. 化简：(1)  $|\\pi - 3.142| = \\_$ ；(2)  $|-1 - \\sqrt{5}| = \\_$ .",
    "solution": "",
    "images": [],
    "page_idx": 25,
    "has_answer": false,
    "questionIds": "448",
    "solutionIds": "",
    "chapterTitleIds": "445",
    "chunkIndex": 4
  },
  {
    "label": "4",
    "type": "exercise",
    "chapter_title": "基础训练",
    "question": "4.（1）比  $2 + \\sqrt{13}$  大的最小整数是 ；（2）比  $5 - \\sqrt[3]{3}$  小的最大整数是",
    "solution": "",
    "images": [],
    "page_idx": 25,
    "has_answer": false,
    "questionIds": "449",
    "solutionIds": "",
    "chapterTitleIds": "445",
    "chunkIndex": 4
  },
  {
    "label": "5",
    "type": "exercise",
    "chapter_title": "基础训练",
    "question": "5. 下列语句正确的是（ ） A. 无理数都是无限小数 B. 无限小数都是无理数 C. 带根号的数都是无理数 D. 不带根号的数一定不是无理数",
    "solution": "",
    "images": [],
    "page_idx": 25,
    "has_answer": false,
    "questionIds": "450,451,452,453,454",
    "solutionIds": "",
    "chapterTitleIds": "445",
    "chunkIndex": 4
  },
  {
    "label": "6",
    "type": "exercise",
    "chapter_title": "基础训练",
    "question": "6. 下列语句正确的是（ ） A. 无理数之间不可以比较大小 B. 有理数与无理数无法比较大小 C. 无理数一定是无限不循环小数 D. 一个正无理数的算术平方根可能是有理数",
    "solution": "",
    "images": [],
    "page_idx": 25,
    "has_answer": false,
    "questionIds": "455,456,457,458,459",
    "solutionIds": "",
    "chapterTitleIds": "445",
    "chunkIndex": 4
  },
  {
    "label": "1",
    "type": "exercise",
    "chapter_title": "基础训练",
    "question": "1. 请你写出下列无限循环小数的循环节和简便记法： (1) 0.33333…; (2) 0.13061306…； （3）8.347564756…； （4）0.235535535…； (5) 2.1212121…; (6) 12.12345345…",
    "solution": "",
    "images": [],
    "page_idx": 22,
    "has_answer": false,
    "questionIds": "387,388,389,390,391,392,393",
    "solutionIds": "",
    "chapterTitleIds": "386",
    "chunkIndex": 4
  },
  {
    "label": "2",
    "type": "exercise",
    "chapter_title": "基础训练",
    "question": "2. 将下列无限循环小数化成分数： (1) 0.8i; (2) 3.  $\\dot{7}$ ; (3) 4.36; (4) 12.  $\\dot{7}0\\dot{2}$ .",
    "solution": "",
    "images": [],
    "page_idx": 22,
    "has_answer": false,
    "questionIds": "394,395,396,397,398",
    "solutionIds": "",
    "chapterTitleIds": "386",
    "chunkIndex": 4
  },
  {
    "label": "3",
    "type": "exercise",
    "chapter_title": "基础训练",
    "question": "3. 将下列无限循环小数化成分数： (1) 0.65; (2) 8.38; (3)  $2.0\\dot{7}\\dot{2}$ ; (4) 2.361.",
    "solution": "",
    "images": [],
    "page_idx": 22,
    "has_answer": false,
    "questionIds": "399,400,401,402,403",
    "solutionIds": "",
    "chapterTitleIds": "386",
    "chunkIndex": 4
  },
  {
    "label": "4",
    "type": "exercise",
    "chapter_title": "拓展训练",
    "question": "4. 计算:  $1.25 \\times 0.3 + 1.25 \\times \\frac{1}{3} + 1.25 \\times 0.6$ .",
    "solution": "",
    "images": [],
    "page_idx": 23,
    "has_answer": false,
    "questionIds": "406",
    "solutionIds": "",
    "chapterTitleIds": "405",
    "chunkIndex": 4
  },
  {
    "label": "5",
    "type": "exercise",
    "chapter_title": "拓展训练",
    "question": "5. 计算:  $0.1\\dot{4} + 0.2\\dot{5} + 0.3\\dot{6} + 0.4\\dot{7} + 0.5\\dot{8}$ .",
    "solution": "",
    "images": [],
    "page_idx": 23,
    "has_answer": false,
    "questionIds": "407",
    "solutionIds": "",
    "chapterTitleIds": "405",
    "chunkIndex": 4
  },
  {
    "label": "6",
    "type": "exercise",
    "chapter_title": "拓展训练",
    "question": "6. 计算:  $1. \\dot{4} + 2. \\dot{5} + 3. \\dot{6} + 4. \\dot{7} + 5. \\dot{8} + 6. \\dot{9}$ .",
    "solution": "",
    "images": [],
    "page_idx": 23,
    "has_answer": false,
    "questionIds": "408",
    "solutionIds": "",
    "chapterTitleIds": "405",
    "chunkIndex": 4
  }
]